#
# There is insufficient memory for the Java Runtime Environment to continue.
# Native memory allocation (malloc) failed to allocate 1048576 bytes for AllocateHeap
# Possible reasons:
#   The system is out of physical RAM or swap space
#   The process is running with CompressedOops enabled, and the Java Heap may be blocking the growth of the native heap
# Possible solutions:
#   Reduce memory load on the system
#   Increase physical memory or swap space
#   Check if swap backing store is full
#   Decrease Java heap size (-Xmx/-Xms)
#   Decrease number of Java threads
#   Decrease Java thread stack sizes (-Xss)
#   Set larger code cache with -XX:ReservedCodeCacheSize=
#   JVM is running with Unscaled Compressed Oops mode in which the Java heap is
#     placed in the first 4GB address space. The Java Heap base address is the
#     maximum limit for the native heap growth. Please use -XX:HeapBaseMinAddress
#     to set the Java Heap base and to place the Java Heap above 4GB virtual address.
# This output file may be truncated or incomplete.
#
#  Out of Memory Error (allocation.cpp:44), pid=1044, tid=5380
#
# JRE version:  (16.0.2+7) (build )
# Java VM: Java HotSpot(TM) 64-Bit Server VM (16.0.2+7-67, mixed mode, sharing, tiered, compressed oops, compressed class ptrs, parallel gc, windows-amd64)
# No core dump will be written. Minidumps are not enabled by default on client versions of Windows
#

---------------  S U M M A R Y ------------

Command Line: --add-modules=ALL-SYSTEM --add-opens=java.base/java.util=ALL-UNNAMED --add-opens=java.base/java.lang=ALL-UNNAMED -Declipse.application=org.eclipse.jdt.ls.core.id1 -Dosgi.bundles.defaultStartLevel=4 -Declipse.product=org.eclipse.jdt.ls.core.product -Dfile.encoding=utf8 -DwatchParentProcess=false -XX:+UseParallelGC -XX:GCTimeRatio=4 -XX:AdaptiveSizePolicyWeight=90 -Dsun.zip.disableMemoryMapping=true -Xmx1G -Xms100m c:\Users\Rushabh\.vscode\extensions\redhat.java-0.82.0\server\plugins\org.eclipse.equinox.launcher_1.6.300.v20210813-1054.jar -configuration c:\Users\Rushabh\AppData\Roaming\Code\User\globalStorage\redhat.java\0.82.0\config_ss_win -data c:\Users\Rushabh\AppData\Roaming\Code\User\workspaceStorage\ea269da83b7130e453dabaf8bcc62321\redhat.java\ss_ws

Host: Intel(R) Core(TM) i5-8250U CPU @ 1.60GHz, 8 cores, 7G,  Windows 10 , 64 bit Build 19041 (10.0.19041.1202)
Time: Tue Oct 19 20:31:23 2021 India Standard Time elapsed time: 0.125467 seconds (0d 0h 0m 0s)

---------------  T H R E A D  ---------------

Current thread (0x000002a8a82fc0d0):  JavaThread "Unknown thread" [_thread_in_vm, id=5380, stack(0x000000d740a00000,0x000000d740b00000)]

Stack: [0x000000d740a00000,0x000000d740b00000]
Native frames: (J=compiled Java code, j=interpreted, Vv=VM code, C=native code)
V  [jvm.dll+0x6681ca]
V  [jvm.dll+0x7c9e69]
V  [jvm.dll+0x7cb61e]
V  [jvm.dll+0x7cbc73]
V  [jvm.dll+0x242c55]
V  [jvm.dll+0xa8732]
V  [jvm.dll+0x69ad84]
V  [jvm.dll+0x69bac9]
V  [jvm.dll+0x6748c3]
V  [jvm.dll+0x79ceb6]
V  [jvm.dll+0x36080a]
V  [jvm.dll+0x77a3f0]
V  [jvm.dll+0x3e4e8f]
V  [jvm.dll+0x3e6961]
C  [jli.dll+0x52fb]
C  [ucrtbase.dll+0x21bb2]
C  [KERNEL32.DLL+0x17034]
C  [ntdll.dll+0x52651]


---------------  P R O C E S S  ---------------

Threads class SMR info:
_java_thread_list=0x00007ffe9f5fcbb8, length=0, elements={
}

Java Threads: ( => current thread )

Other Threads:
  0x000002a8a8317d40 GCTaskThread "GC Thread#0" [stack: 0x000000d740b00000,0x000000d740c00000] [id=13060]

=>0x000002a8a82fc0d0 (exited) JavaThread "Unknown thread" [_thread_in_vm, id=5380, stack(0x000000d740a00000,0x000000d740b00000)]

Threads with active compile tasks:

VM state: not at safepoint (normal execution)

VM Mutex/Monitor currently owned by a thread: None

Heap address: 0x00000000c0000000, size: 1024 MB, Compressed Oops mode: 32-bit

CDS archive(s) mapped at: [0x0000000800000000-0x0000000800bb0000-0x0000000800bb0000), size 12255232, SharedBaseAddress: 0x0000000800000000, ArchiveRelocationMode: 0.
Compressed class space mapped at: 0x0000000800c00000-0x0000000840c00000, reserved size: 1073741824
Narrow klass base: 0x0000000800000000, Narrow klass shift: 3, Narrow klass range: 0x100000000

GC Precious Log:
 CPUs: 8 total, 8 available
 Memory: 8073M
 Large Page Support: Disabled
 NUMA Support: Disabled
 Compressed Oops: Enabled (32-bit)
 Alignments: Space 512K, Generation 512K, Heap 2M
 Heap Min Capacity: 100M
 Heap Initial Capacity: 100M
 Heap Max Capacity: 1G
 Pre-touch: Disabled
 Parallel Workers: 8

Heap:
 PSYoungGen      total 29696K, used 512K [0x00000000eab00000, 0x00000000ecc00000, 0x0000000100000000)
  eden space 25600K, 2% used [0x00000000eab00000,0x00000000eab80010,0x00000000ec400000)
  from space 4096K, 0% used [0x00000000ec800000,0x00000000ec800000,0x00000000ecc00000)
  to   space 4096K, 0% used [0x00000000ec400000,0x00000000ec400000,0x00000000ec800000)
 ParOldGen       total 68608K, used 0K [0x00000000c0000000, 0x00000000c4300000, 0x00000000eab00000)
  object space 68608K, 0% used [0x00000000c0000000,0x00000000c0000000,0x00000000c4300000)
 Metaspace       used 0K, committed 0K, reserved 1048576K
  class space    used 0K, committed 0K, reserved 1048576K

Card table byte_map: [0x000002a8a7cc0000,0x000002a8a7ed0000] _byte_map_base: 0x000002a8a76c0000

Marking Bits: (ParMarkBitMap*) 0x00007ffe9f5e0b20
 Begin Bits: [0x000002a8bea80000, 0x000002a8bfa80000)
 End Bits:   [0x000002a8bfa80000, 0x000002a8c0a80000)

Polling page: 0x000002a8a62c0000

Metaspace:

Usage:
  Non-class:      0 bytes used.
      Class:      0 bytes used.
       Both:      0 bytes used.

Virtual space:
  Non-class space:        0 bytes reserved,       0 bytes (  ?%) committed,  0 nodes.
      Class space:        1.00 GB reserved,       0 bytes (  0%) committed,  1 nodes.
              Both:        1.00 GB reserved,       0 bytes (  0%) committed. 

Chunk freelists:
   Non-Class:  0 bytes
       Class:  4.00 MB
        Both:  4.00 MB

MaxMetaspaceSize: 17179869184.00 GB
CompressedClassSpaceSize: 1.00 GB
 - commit_granule_bytes: 65536.
 - commit_granule_words: 8192.
 - virtual_space_node_default_size: 1048576.
 - enlarge_chunks_in_place: 1.
 - new_chunks_are_fully_committed: 0.
 - uncommit_free_chunks: 1.
 - use_allocation_guard: 0.
 - handle_deallocations: 1.


Internal statistics:

num_allocs_failed_limit: 0.
num_arena_births: 0.
num_arena_deaths: 0.
num_vsnodes_births: 1.
num_vsnodes_deaths: 0.
num_space_committed: 0.
num_space_uncommitted: 0.
num_chunks_returned_to_freelist: 0.
num_chunks_taken_from_freelist: 1.
num_chunk_merges: 0.
num_chunk_splits: 1.
num_chunks_enlarged: 0.
num_purges: 0.

CodeHeap 'non-profiled nmethods': size=120000Kb used=0Kb max_used=0Kb free=120000Kb
 bounds [0x000002a8b7550000, 0x000002a8b77c0000, 0x000002a8bea80000]
CodeHeap 'profiled nmethods': size=120000Kb used=0Kb max_used=0Kb free=120000Kb
 bounds [0x000002a8b0020000, 0x000002a8b0290000, 0x000002a8b7550000]
CodeHeap 'non-nmethods': size=5760Kb used=281Kb max_used=438Kb free=5478Kb
 bounds [0x000002a8afa80000, 0x000002a8afcf0000, 0x000002a8b0020000]
 total_blobs=163 nmethods=0 adapters=144
 compilation: enabled
              stopped_count=0, restarted_count=0
 full_count=0

Compilation events (0 events):
No events

GC Heap History (0 events):
No events

Deoptimization events (0 events):
No events

Classes unloaded (0 events):
No events

Classes redefined (0 events):
No events

Internal exceptions (0 events):
No events

Events (1 events):
Event: 0.077 Loaded shared library C:\Program Files\Java\jdk-16.0.2\bin\java.dll


Dynamic libraries:
0x00007ff758af0000 - 0x00007ff758b00000 	C:\Program Files\Java\jdk-16.0.2\bin\java.exe
0x00007ffee9750000 - 0x00007ffee9945000 	C:\WINDOWS\SYSTEM32\ntdll.dll
0x00007ffee8050000 - 0x00007ffee810e000 	C:\WINDOWS\System32\KERNEL32.DLL
0x00007ffee6e70000 - 0x00007ffee7139000 	C:\WINDOWS\System32\KERNELBASE.dll
0x00007ffee74e0000 - 0x00007ffee75e0000 	C:\WINDOWS\System32\ucrtbase.dll
0x00007ffec0520000 - 0x00007ffec0538000 	C:\Program Files\Java\jdk-16.0.2\bin\jli.dll
0x00007ffee7840000 - 0x00007ffee78ec000 	C:\WINDOWS\System32\ADVAPI32.dll
0x00007ffee77a0000 - 0x00007ffee783e000 	C:\WINDOWS\System32\msvcrt.dll
0x00007ffee8ed0000 - 0x00007ffee8f6b000 	C:\WINDOWS\System32\sechost.dll
0x00007ffee84c0000 - 0x00007ffee85ea000 	C:\WINDOWS\System32\RPCRT4.dll
0x00007ffee8130000 - 0x00007ffee82d1000 	C:\WINDOWS\System32\USER32.dll
0x00007ffee7480000 - 0x00007ffee74a2000 	C:\WINDOWS\System32\win32u.dll
0x00007ffee8010000 - 0x00007ffee803b000 	C:\WINDOWS\System32\GDI32.dll
0x00007ffee7230000 - 0x00007ffee733b000 	C:\WINDOWS\System32\gdi32full.dll
0x00007ffee7190000 - 0x00007ffee722d000 	C:\WINDOWS\System32\msvcp_win.dll
0x00007ffecb550000 - 0x00007ffecb7ea000 	C:\WINDOWS\WinSxS\amd64_microsoft.windows.common-controls_6595b64144ccf1df_6.0.19041.1110_none_60b5254171f9507e\COMCTL32.dll
0x00007ffee08c0000 - 0x00007ffee08ca000 	C:\WINDOWS\SYSTEM32\VERSION.dll
0x00007ffec0aa0000 - 0x00007ffec0ab9000 	C:\Program Files\Java\jdk-16.0.2\bin\VCRUNTIME140.dll
0x00007ffee7e50000 - 0x00007ffee7e80000 	C:\WINDOWS\System32\IMM32.DLL
0x00007ffecf3e0000 - 0x00007ffecf3ec000 	C:\Program Files\Java\jdk-16.0.2\bin\vcruntime140_1.dll
0x00007ffea5ac0000 - 0x00007ffea5b51000 	C:\Program Files\Java\jdk-16.0.2\bin\msvcp140.dll
0x00007ffe9eaf0000 - 0x00007ffe9f69b000 	C:\Program Files\Java\jdk-16.0.2\bin\server\jvm.dll
0x00007ffee8040000 - 0x00007ffee8048000 	C:\WINDOWS\System32\PSAPI.DLL
0x00007ffed02c0000 - 0x00007ffed02c9000 	C:\WINDOWS\SYSTEM32\WSOCK32.dll
0x00007ffee82e0000 - 0x00007ffee834b000 	C:\WINDOWS\System32\WS2_32.dll
0x00007ffed3920000 - 0x00007ffed3947000 	C:\WINDOWS\SYSTEM32\WINMM.dll
0x00007ffee56d0000 - 0x00007ffee56e2000 	C:\WINDOWS\SYSTEM32\kernel.appcore.dll
0x00007ffec59e0000 - 0x00007ffec59ea000 	C:\Program Files\Java\jdk-16.0.2\bin\jimage.dll
0x00007ffee4af0000 - 0x00007ffee4cd4000 	C:\WINDOWS\SYSTEM32\DBGHELP.DLL
0x00007ffecce50000 - 0x00007ffecce7c000 	C:\WINDOWS\SYSTEM32\dbgcore.DLL
0x00007ffee7340000 - 0x00007ffee73c3000 	C:\WINDOWS\System32\bcryptPrimitives.dll
0x00007ffebdd10000 - 0x00007ffebdd35000 	C:\Program Files\Java\jdk-16.0.2\bin\java.dll

dbghelp: loaded successfully - version: 4.0.5 - missing functions: none
symbol engine: initialized successfully - sym options: 0x614 - pdb path: .;C:\Program Files\Java\jdk-16.0.2\bin;C:\WINDOWS\SYSTEM32;C:\WINDOWS\WinSxS\amd64_microsoft.windows.common-controls_6595b64144ccf1df_6.0.19041.1110_none_60b5254171f9507e;C:\Program Files\Java\jdk-16.0.2\bin\server

VM Arguments:
jvm_args: --add-modules=ALL-SYSTEM --add-opens=java.base/java.util=ALL-UNNAMED --add-opens=java.base/java.lang=ALL-UNNAMED -Declipse.application=org.eclipse.jdt.ls.core.id1 -Dosgi.bundles.defaultStartLevel=4 -Declipse.product=org.eclipse.jdt.ls.core.product -Dfile.encoding=utf8 -DwatchParentProcess=false -XX:+UseParallelGC -XX:GCTimeRatio=4 -XX:AdaptiveSizePolicyWeight=90 -Dsun.zip.disableMemoryMapping=true -Xmx1G -Xms100m 
java_command: c:\Users\Rushabh\.vscode\extensions\redhat.java-0.82.0\server\plugins\org.eclipse.equinox.launcher_1.6.300.v20210813-1054.jar -configuration c:\Users\Rushabh\AppData\Roaming\Code\User\globalStorage\redhat.java\0.82.0\config_ss_win -data c:\Users\Rushabh\AppData\Roaming\Code\User\workspaceStorage\ea269da83b7130e453dabaf8bcc62321\redhat.java\ss_ws
java_class_path (initial): c:\Users\Rushabh\.vscode\extensions\redhat.java-0.82.0\server\plugins\org.eclipse.equinox.launcher_1.6.300.v20210813-1054.jar
Launcher Type: SUN_STANDARD

[Global flags]
    uintx AdaptiveSizePolicyWeight                 = 90                                        {product} {command line}
     intx CICompilerCount                          = 4                                         {product} {ergonomic}
    uintx GCTimeRatio                              = 4                                         {product} {command line}
   size_t InitialHeapSize                          = 104857600                                 {product} {command line}
   size_t MaxHeapSize                              = 1073741824                                {product} {command line}
   size_t MaxNewSize                               = 357564416                                 {product} {ergonomic}
   size_t MinHeapDeltaBytes                        = 524288                                    {product} {ergonomic}
   size_t MinHeapSize                              = 104857600                                 {product} {command line}
   size_t NewSize                                  = 34603008                                  {product} {ergonomic}
    uintx NonNMethodCodeHeapSize                   = 5839372                                {pd product} {ergonomic}
    uintx NonProfiledCodeHeapSize                  = 122909434                              {pd product} {ergonomic}
   size_t OldSize                                  = 70254592                                  {product} {ergonomic}
    uintx ProfiledCodeHeapSize                     = 122909434                              {pd product} {ergonomic}
    uintx ReservedCodeCacheSize                    = 251658240                              {pd product} {ergonomic}
     bool SegmentedCodeCache                       = true                                      {product} {ergonomic}
   size_t SoftMaxHeapSize                          = 1073741824                             {manageable} {ergonomic}
     bool UseCompressedClassPointers               = true                           {product lp64_product} {ergonomic}
     bool UseCompressedOops                        = true                           {product lp64_product} {ergonomic}
     bool UseLargePagesIndividualAllocation        = false                                  {pd product} {ergonomic}
     bool UseParallelGC                            = true                                      {product} {command line}

Logging:
Log output configuration:
 #0: stdout all=warning uptime,level,tags
 #1: stderr all=off uptime,level,tags

Environment Variables:
JAVA_HOME=C:\Program Files\Java\jdk-16.0.2
PATH=C:\Program Files\Common Files\Oracle\Java\javapath;C:\Program Files (x86)\Common Files\Oracle\Java\javapath;C:\Program Files (x86)\Intel\Intel(R) Management Engine Components\iCLS\;C:\Program Files\Intel\Intel(R) Management Engine Components\iCLS\;C:\Windows\system32;C:\Windows;C:\Windows\System32\Wbem;C:\Windows\System32\WindowsPowerShell\v1.0\;C:\Windows\System32\OpenSSH\;C:\Program Files (x86)\Intel\Intel(R) Management Engine Components\DAL;C:\Program Files\Intel\Intel(R) Management Engine Components\DAL;C:\Program Files (x86)\Intel\Intel(R) Management Engine Components\IPT;C:\Program Files\Intel\Intel(R) Management Engine Components\IPT;C:\Program Files (x86)\NVIDIA Corporation\PhysX\Common;C:\Program Files\Intel\WiFi\bin\;C:\Program Files\Common Files\Intel\WirelessCommon\;C:\WINDOWS\system32;C:\WINDOWS;C:\WINDOWS\System32\Wbem;C:\WINDOWS\System32\WindowsPowerShell\v1.0\;C:\WINDOWS\System32\OpenSSH\;C:\TDM-GCC-64\bin;C:\Program Files\PostgreSQL\12\bin;C:\Program Files\PostgreSQL\12\lib;C:\Users\Rushabh\AppData\Roaming\Microsoft\Windows\Start Menu\Programs\Python 3.8;C:\Program Files\Java\jdk-16.0.2\bin;C:\Program Files\Git\cmd;C:\Users\Rushabh\Anaconda3;C:\Users\Rushabh\Anaconda3\Library\mingw-w64\bin;C:\Users\Rushabh\Anaconda3\Library\usr\bin;C:\Users\Rushabh\Anaconda3\Library\bin;C:\Users\Rushabh\Anaconda3\Scripts;C:\Users\Rushabh\AppData\Local\Microsoft\WindowsApps;C:\Program Files\JetBrains\IntelliJ IDEA Community Edition 2021.1.1\bin;;C:\Users\Rushabh\AppData\Local\Programs\Microsoft VS Code\bin
USERNAME=Rushabh
OS=Windows_NT
PROCESSOR_IDENTIFIER=Intel64 Family 6 Model 142 Stepping 10, GenuineIntel



---------------  S Y S T E M  ---------------

OS:
 Windows 10 , 64 bit Build 19041 (10.0.19041.1202)
OS uptime: 0 days 1:42 hours
Hyper-V role detected

CPU: total 8 (initial active 8) (4 cores per cpu, 2 threads per core) family 6 model 142 stepping 10 microcode 0xb4, cx8, cmov, fxsr, ht, mmx, 3dnowpref, sse, sse2, sse3, ssse3, sse4.1, sse4.2, popcnt, lzcnt, tsc, tscinvbit, avx, avx2, aes, erms, clmul, bmi1, bmi2, adx, fma, vzeroupper, clflush, clflushopt, hv

Memory: 4k page, system-wide physical 8073M (491M free)
TotalPageFile size 11073M (AvailPageFile size 14M)
current process WorkingSet (physical memory assigned to process): 14M, peak: 14M
current process commit charge ("private bytes"): 176M, peak: 177M

vm_info: Java HotSpot(TM) 64-Bit Server VM (16.0.2+7-67) for windows-amd64 JRE (16.0.2+7-67), built on Jun  8 2021 23:24:19 by "mach5one" with MS VC++ 16.7 (VS2019)

END.
