#
# There is insufficient memory for the Java Runtime Environment to continue.
# Native memory allocation (mmap) failed to map 65536 bytes for Failed to commit metaspace.
# Possible reasons:
#   The system is out of physical RAM or swap space
#   The process is running with CompressedOops enabled, and the Java Heap may be blocking the growth of the native heap
# Possible solutions:
#   Reduce memory load on the system
#   Increase physical memory or swap space
#   Check if swap backing store is full
#   Decrease Java heap size (-Xmx/-Xms)
#   Decrease number of Java threads
#   Decrease Java thread stack sizes (-Xss)
#   Set larger code cache with -XX:ReservedCodeCacheSize=
#   JVM is running with Unscaled Compressed Oops mode in which the Java heap is
#     placed in the first 4GB address space. The Java Heap base address is the
#     maximum limit for the native heap growth. Please use -XX:HeapBaseMinAddress
#     to set the Java Heap base and to place the Java Heap above 4GB virtual address.
# This output file may be truncated or incomplete.
#
#  Out of Memory Error (virtualSpaceNode.cpp:108), pid=5936, tid=14980
#
# JRE version: Java(TM) SE Runtime Environment (16.0.2+7) (build 16.0.2+7-67)
# Java VM: Java HotSpot(TM) 64-Bit Server VM (16.0.2+7-67, mixed mode, sharing, tiered, compressed oops, compressed class ptrs, parallel gc, windows-amd64)
# No core dump will be written. Minidumps are not enabled by default on client versions of Windows
#

---------------  S U M M A R Y ------------

Command Line: --add-modules=ALL-SYSTEM --add-opens=java.base/java.util=ALL-UNNAMED --add-opens=java.base/java.lang=ALL-UNNAMED -Declipse.application=org.eclipse.jdt.ls.core.id1 -Dosgi.bundles.defaultStartLevel=4 -Declipse.product=org.eclipse.jdt.ls.core.product -Dfile.encoding=utf8 -DwatchParentProcess=false -XX:+UseParallelGC -XX:GCTimeRatio=4 -XX:AdaptiveSizePolicyWeight=90 -Dsun.zip.disableMemoryMapping=true -Xmx1G -Xms100m c:\Users\Rushabh\.vscode\extensions\redhat.java-0.82.0\server\plugins\org.eclipse.equinox.launcher_1.6.300.v20210813-1054.jar -configuration c:\Users\Rushabh\AppData\Roaming\Code\User\globalStorage\redhat.java\0.82.0\config_ss_win -data c:\Users\Rushabh\AppData\Roaming\Code\User\workspaceStorage\ea269da83b7130e453dabaf8bcc62321\redhat.java\ss_ws

Host: Intel(R) Core(TM) i5-8250U CPU @ 1.60GHz, 8 cores, 7G,  Windows 10 , 64 bit Build 19041 (10.0.19041.1202)
Time: Tue Oct 19 20:31:21 2021 India Standard Time elapsed time: 1.144107 seconds (0d 0h 0m 1s)

---------------  T H R E A D  ---------------

Current thread (0x0000025b249cd470):  JavaThread "main" [_thread_in_vm, id=14980, stack(0x000000d98b700000,0x000000d98b800000)]

Stack: [0x000000d98b700000,0x000000d98b800000]
Native frames: (J=compiled Java code, j=interpreted, Vv=VM code, C=native code)
V  [jvm.dll+0x6681ca]
V  [jvm.dll+0x7c9e69]
V  [jvm.dll+0x7cb61e]
V  [jvm.dll+0x7cbc73]
V  [jvm.dll+0x242c55]
V  [jvm.dll+0x7c64eb]
V  [jvm.dll+0x60ddd6]
V  [jvm.dll+0x60de3a]
V  [jvm.dll+0x61046a]
V  [jvm.dll+0x60e6d1]
V  [jvm.dll+0x23709f]
V  [jvm.dll+0x618d55]
V  [jvm.dll+0x1e97ef]
V  [jvm.dll+0x1e9d25]
V  [jvm.dll+0x1ea8af]
V  [jvm.dll+0x1df631]
V  [jvm.dll+0x535ff8]
V  [jvm.dll+0x1f0d52]
V  [jvm.dll+0x741863]
V  [jvm.dll+0x743108]
V  [jvm.dll+0x743433]
V  [jvm.dll+0x23ab24]
V  [jvm.dll+0x375531]
C  0x0000025b2c16bc71

Java frames: (J=compiled Java code, j=interpreted, Vv=VM code)
j  java.net.URLEncoder.<clinit>()V+4 java.base@16.0.2
v  ~StubRoutines::call_stub
j  java.net.URLDecoder.<clinit>()V+0 java.base@16.0.2
v  ~StubRoutines::call_stub
j  org.eclipse.equinox.launcher.Main.decode(Ljava/lang/String;)Ljava/lang/String;+80
j  org.eclipse.equinox.launcher.Main.getInstallLocation()Ljava/net/URL;+240
j  org.eclipse.equinox.launcher.Main.processConfiguration()V+211
j  org.eclipse.equinox.launcher.Main.basicRun([Ljava/lang/String;)V+53
j  org.eclipse.equinox.launcher.Main.run([Ljava/lang/String;)I+4
j  org.eclipse.equinox.launcher.Main.main([Ljava/lang/String;)V+10
v  ~StubRoutines::call_stub

---------------  P R O C E S S  ---------------

Threads class SMR info:
_java_thread_list=0x0000025b3fd2eb10, length=12, elements={
0x0000025b249cd470, 0x0000025b3d2fb0d0, 0x0000025b3d2fc640, 0x0000025b3d30dce0,
0x0000025b3d30eab0, 0x0000025b3d30f880, 0x0000025b3d311ca0, 0x0000025b3d3153d0,
0x0000025b3fc08120, 0x0000025b3fc38620, 0x0000025b3d1d08b0, 0x0000025b3fd46b10
}

Java Threads: ( => current thread )
=>0x0000025b249cd470 JavaThread "main" [_thread_in_vm, id=14980, stack(0x000000d98b700000,0x000000d98b800000)]
  0x0000025b3d2fb0d0 JavaThread "Reference Handler" daemon [_thread_blocked, id=1572, stack(0x000000d98ba00000,0x000000d98bb00000)]
  0x0000025b3d2fc640 JavaThread "Finalizer" daemon [_thread_blocked, id=16988, stack(0x000000d98bb00000,0x000000d98bc00000)]
  0x0000025b3d30dce0 JavaThread "Signal Dispatcher" daemon [_thread_blocked, id=19076, stack(0x000000d98bc00000,0x000000d98bd00000)]
  0x0000025b3d30eab0 JavaThread "Attach Listener" daemon [_thread_blocked, id=12736, stack(0x000000d98bd00000,0x000000d98be00000)]
  0x0000025b3d30f880 JavaThread "Service Thread" daemon [_thread_blocked, id=13344, stack(0x000000d98be00000,0x000000d98bf00000)]
  0x0000025b3d311ca0 JavaThread "Monitor Deflation Thread" daemon [_thread_blocked, id=19016, stack(0x000000d98bf00000,0x000000d98c000000)]
  0x0000025b3d3153d0 JavaThread "C2 CompilerThread0" daemon [_thread_blocked, id=17124, stack(0x000000d98c000000,0x000000d98c100000)]
  0x0000025b3fc08120 JavaThread "C1 CompilerThread0" daemon [_thread_blocked, id=18408, stack(0x000000d98c100000,0x000000d98c200000)]
  0x0000025b3fc38620 JavaThread "Sweeper thread" daemon [_thread_blocked, id=17312, stack(0x000000d98c200000,0x000000d98c300000)]
  0x0000025b3d1d08b0 JavaThread "Common-Cleaner" daemon [_thread_blocked, id=12588, stack(0x000000d98c300000,0x000000d98c400000)]
  0x0000025b3fd46b10 JavaThread "Notification Thread" daemon [_thread_blocked, id=5952, stack(0x000000d98c400000,0x000000d98c500000)]

Other Threads:
  0x0000025b3d2faa50 VMThread "VM Thread" [stack: 0x000000d98b900000,0x000000d98ba00000] [id=12028]
  0x0000025b3fd98f50 WatcherThread [stack: 0x000000d98c500000,0x000000d98c600000] [id=16528]
  0x0000025b249e9a50 GCTaskThread "GC Thread#0" [stack: 0x000000d98b800000,0x000000d98b900000] [id=10244]

Threads with active compile tasks:

VM state: not at safepoint (normal execution)

VM Mutex/Monitor currently owned by a thread:  ([mutex/lock_event])
[0x0000025b249c85a0] MetaspaceExpand_lock - owner thread: 0x0000025b249cd470

Heap address: 0x00000000c0000000, size: 1024 MB, Compressed Oops mode: 32-bit

CDS archive(s) mapped at: [0x0000000800000000-0x0000000800bb0000-0x0000000800bb0000), size 12255232, SharedBaseAddress: 0x0000000800000000, ArchiveRelocationMode: 0.
Compressed class space mapped at: 0x0000000800c00000-0x0000000840c00000, reserved size: 1073741824
Narrow klass base: 0x0000000800000000, Narrow klass shift: 3, Narrow klass range: 0x100000000

GC Precious Log:
 CPUs: 8 total, 8 available
 Memory: 8073M
 Large Page Support: Disabled
 NUMA Support: Disabled
 Compressed Oops: Enabled (32-bit)
 Alignments: Space 512K, Generation 512K, Heap 2M
 Heap Min Capacity: 100M
 Heap Initial Capacity: 100M
 Heap Max Capacity: 1G
 Pre-touch: Disabled
 Parallel Workers: 8

Heap:
 PSYoungGen      total 29696K, used 4662K [0x00000000eab00000, 0x00000000ecc00000, 0x0000000100000000)
  eden space 25600K, 18% used [0x00000000eab00000,0x00000000eaf8dab0,0x00000000ec400000)
  from space 4096K, 0% used [0x00000000ec800000,0x00000000ec800000,0x00000000ecc00000)
  to   space 4096K, 0% used [0x00000000ec400000,0x00000000ec400000,0x00000000ec800000)
 ParOldGen       total 68608K, used 0K [0x00000000c0000000, 0x00000000c4300000, 0x00000000eab00000)
  object space 68608K, 0% used [0x00000000c0000000,0x00000000c0000000,0x00000000c4300000)
 Metaspace       used 2256K, committed 2432K, reserved 1056768K
  class space    used 197K, committed 320K, reserved 1048576K

Card table byte_map: [0x0000025b243c0000,0x0000025b245d0000] _byte_map_base: 0x0000025b23dc0000

Marking Bits: (ParMarkBitMap*) 0x00007ffe9f5e0b20
 Begin Bits: [0x0000025b3b150000, 0x0000025b3c150000)
 End Bits:   [0x0000025b3c150000, 0x0000025b3d150000)

Polling page: 0x0000025b241b0000

Metaspace:

Usage:
  Non-class:      2.01 MB used.
      Class:    197.07 KB used.
       Both:      2.20 MB used.

Virtual space:
  Non-class space:        8.00 MB reserved,       2.06 MB ( 26%) committed,  1 nodes.
      Class space:        1.00 GB reserved,     320.00 KB ( <1%) committed,  1 nodes.
              Both:        1.01 GB reserved,       2.38 MB ( <1%) committed. 

Chunk freelists:
   Non-Class:  3.92 MB
       Class:  3.74 MB
        Both:  7.66 MB

MaxMetaspaceSize: 17179869184.00 GB
CompressedClassSpaceSize: 1.00 GB
 - commit_granule_bytes: 65536.
 - commit_granule_words: 8192.
 - virtual_space_node_default_size: 1048576.
 - enlarge_chunks_in_place: 1.
 - new_chunks_are_fully_committed: 0.
 - uncommit_free_chunks: 1.
 - use_allocation_guard: 0.
 - handle_deallocations: 1.


Internal statistics:

num_allocs_failed_limit: 0.
num_arena_births: 10.
num_arena_deaths: 0.
num_vsnodes_births: 2.
num_vsnodes_deaths: 0.
num_space_committed: 38.
num_space_uncommitted: 0.
num_chunks_returned_to_freelist: 0.
num_chunks_taken_from_freelist: 16.
num_chunk_merges: 0.
num_chunk_splits: 10.
num_chunks_enlarged: 7.
num_purges: 0.

CodeHeap 'non-profiled nmethods': size=120000Kb used=115Kb max_used=115Kb free=119884Kb
 bounds [0x0000025b33c20000, 0x0000025b33e90000, 0x0000025b3b150000]
CodeHeap 'profiled nmethods': size=120000Kb used=491Kb max_used=491Kb free=119508Kb
 bounds [0x0000025b2c6f0000, 0x0000025b2c960000, 0x0000025b33c20000]
CodeHeap 'non-nmethods': size=5760Kb used=1132Kb max_used=1149Kb free=4627Kb
 bounds [0x0000025b2c150000, 0x0000025b2c3c0000, 0x0000025b2c6f0000]
 total_blobs=786 nmethods=372 adapters=329
 compilation: enabled
              stopped_count=0, restarted_count=0
 full_count=0

Compilation events (20 events):
Event: 1.124 Thread 0x0000025b3fc08120  359       1       java.lang.Module::getDescriptor (5 bytes)
Event: 1.124 Thread 0x0000025b3fc08120 nmethod 359 0x0000025b33c3a090 code [0x0000025b33c3a220, 0x0000025b33c3a2f8]
Event: 1.124 Thread 0x0000025b3fc08120  360       3       java.nio.Buffer::hasRemaining (17 bytes)
Event: 1.124 Thread 0x0000025b3fc08120 nmethod 360 0x0000025b2c767290 code [0x0000025b2c767420, 0x0000025b2c767598]
Event: 1.124 Thread 0x0000025b3fc08120  361       3       java.nio.DirectByteBuffer::ix (10 bytes)
Event: 1.125 Thread 0x0000025b3fc08120 nmethod 361 0x0000025b2c767610 code [0x0000025b2c7677a0, 0x0000025b2c7678b8]
Event: 1.125 Thread 0x0000025b3fc08120  363   !   3       java.nio.DirectByteBuffer::get (33 bytes)
Event: 1.126 Thread 0x0000025b3fc08120 nmethod 363 0x0000025b2c767990 code [0x0000025b2c767c00, 0x0000025b2c768568]
Event: 1.126 Thread 0x0000025b3fc08120  364   !   3       jdk.internal.misc.ScopedMemoryAccess::getByte (20 bytes)
Event: 1.127 Thread 0x0000025b3fc08120 nmethod 364 0x0000025b2c768a90 code [0x0000025b2c768c80, 0x0000025b2c769158]
Event: 1.127 Thread 0x0000025b3fc08120  365   !   3       jdk.internal.misc.ScopedMemoryAccess::getByteInternal (36 bytes)
Event: 1.127 Thread 0x0000025b3fc08120 nmethod 365 0x0000025b2c769390 code [0x0000025b2c769540, 0x0000025b2c7697c8]
Event: 1.127 Thread 0x0000025b3fc08120  367       1       java.nio.Buffer::limit (5 bytes)
Event: 1.127 Thread 0x0000025b3fc08120 nmethod 367 0x0000025b33c3a790 code [0x0000025b33c3a920, 0x0000025b33c3a9f8]
Event: 1.128 Thread 0x0000025b3fc08120  368       3       jdk.internal.jimage.ImageStringsReader::unmaskedHashCode (173 bytes)
Event: 1.130 Thread 0x0000025b3fc08120 nmethod 368 0x0000025b2c769990 code [0x0000025b2c769be0, 0x0000025b2c76a7d8]
Event: 1.130 Thread 0x0000025b3fc08120  370       1       java.nio.Buffer::position (5 bytes)
Event: 1.131 Thread 0x0000025b3fc08120 nmethod 370 0x0000025b33c3aa90 code [0x0000025b33c3ac20, 0x0000025b33c3acf8]
Event: 1.131 Thread 0x0000025b3fc08120  371       1       java.util.Collections$EmptyIterator::hasNext (2 bytes)
Event: 1.131 Thread 0x0000025b3fc08120 nmethod 371 0x0000025b33c3ad90 code [0x0000025b33c3af20, 0x0000025b33c3aff8]

GC Heap History (0 events):
No events

Deoptimization events (20 events):
Event: 0.440 Thread 0x0000025b249cd470 Uncommon trap: trap_request=0xffffff45 fr.pc=0x0000025b33c2eafc relative=0x000000000000005c
Event: 0.440 Thread 0x0000025b249cd470 Uncommon trap: reason=unstable_if action=reinterpret pc=0x0000025b33c2eafc method=java.lang.String.isLatin1()Z @ 10 c2
Event: 0.441 Thread 0x0000025b249cd470 DEOPT PACKING pc=0x0000025b33c2eafc sp=0x000000d98b7fe4b0
Event: 0.441 Thread 0x0000025b249cd470 DEOPT UNPACKING pc=0x0000025b2c19d42e sp=0x000000d98b7fe440 mode 2
Event: 0.713 Thread 0x0000025b249cd470 Uncommon trap: trap_request=0xffffffde fr.pc=0x0000025b33c2dc30 relative=0x0000000000000630
Event: 0.713 Thread 0x0000025b249cd470 Uncommon trap: reason=class_check action=maybe_recompile pc=0x0000025b33c2dc30 method=java.util.HashMap.putVal(ILjava/lang/Object;Ljava/lang/Object;ZZ)Ljava/lang/Object; @ 152 c2
Event: 0.713 Thread 0x0000025b249cd470 DEOPT PACKING pc=0x0000025b33c2dc30 sp=0x000000d98b7feb50
Event: 0.713 Thread 0x0000025b249cd470 DEOPT UNPACKING pc=0x0000025b2c19d42e sp=0x000000d98b7feaa0 mode 2
Event: 0.713 Thread 0x0000025b249cd470 Uncommon trap: trap_request=0xffffffde fr.pc=0x0000025b33c2dc30 relative=0x0000000000000630
Event: 0.713 Thread 0x0000025b249cd470 Uncommon trap: reason=class_check action=maybe_recompile pc=0x0000025b33c2dc30 method=java.util.HashMap.putVal(ILjava/lang/Object;Ljava/lang/Object;ZZ)Ljava/lang/Object; @ 152 c2
Event: 0.713 Thread 0x0000025b249cd470 DEOPT PACKING pc=0x0000025b33c2dc30 sp=0x000000d98b7feb50
Event: 0.713 Thread 0x0000025b249cd470 DEOPT UNPACKING pc=0x0000025b2c19d42e sp=0x000000d98b7feaa0 mode 2
Event: 0.713 Thread 0x0000025b249cd470 Uncommon trap: trap_request=0xffffffde fr.pc=0x0000025b33c2dc30 relative=0x0000000000000630
Event: 0.713 Thread 0x0000025b249cd470 Uncommon trap: reason=class_check action=maybe_recompile pc=0x0000025b33c2dc30 method=java.util.HashMap.putVal(ILjava/lang/Object;Ljava/lang/Object;ZZ)Ljava/lang/Object; @ 152 c2
Event: 0.713 Thread 0x0000025b249cd470 DEOPT PACKING pc=0x0000025b33c2dc30 sp=0x000000d98b7feb50
Event: 0.713 Thread 0x0000025b249cd470 DEOPT UNPACKING pc=0x0000025b2c19d42e sp=0x000000d98b7feaa0 mode 2
Event: 0.714 Thread 0x0000025b249cd470 Uncommon trap: trap_request=0xffffffde fr.pc=0x0000025b33c2dc30 relative=0x0000000000000630
Event: 0.714 Thread 0x0000025b249cd470 Uncommon trap: reason=class_check action=maybe_recompile pc=0x0000025b33c2dc30 method=java.util.HashMap.putVal(ILjava/lang/Object;Ljava/lang/Object;ZZ)Ljava/lang/Object; @ 152 c2
Event: 0.714 Thread 0x0000025b249cd470 DEOPT PACKING pc=0x0000025b33c2dc30 sp=0x000000d98b7feb50
Event: 0.714 Thread 0x0000025b249cd470 DEOPT UNPACKING pc=0x0000025b2c19d42e sp=0x000000d98b7feaa0 mode 2

Classes unloaded (0 events):
No events

Classes redefined (0 events):
No events

Internal exceptions (3 events):
Event: 0.332 Thread 0x0000025b249cd470 Exception <a 'java/lang/NoSuchMethodError'{0x00000000eac9fdb8}: 'void java.lang.invoke.DirectMethodHandle$Holder.invokeStatic(java.lang.Object, java.lang.Object, java.lang.Object)'> (0x00000000eac9fdb8) 
thrown [t:\workspace\open\src\hotspot\share\interpreter\linkResolver.cpp, line 790]
Event: 1.120 Thread 0x0000025b249cd470 Exception <a 'java/lang/NoSuchMethodError'{0x00000000eaf1d9e8}: 'void java.lang.invoke.DirectMethodHandle$Holder.invokeSpecial(java.lang.Object, java.lang.Object, java.lang.Object)'> (0x00000000eaf1d9e8) 
thrown [t:\workspace\open\src\hotspot\share\interpreter\linkResolver.cpp, line 790]
Event: 1.131 Thread 0x0000025b249cd470 Exception <a 'java/lang/ClassNotFoundException'{0x00000000eaf2cb00}: sun/net/www/protocol/c/Handler> (0x00000000eaf2cb00) 
thrown [t:\workspace\open\src\hotspot\share\classfile\systemDictionary.cpp, line 256]

Events (20 events):
Event: 1.112 loading class java/lang/SecurityException done
Event: 1.112 loading class java/io/FileNotFoundException
Event: 1.113 loading class java/io/FileNotFoundException done
Event: 1.113 loading class java/security/Policy
Event: 1.113 loading class java/security/Policy done
Event: 1.114 loading class java/lang/reflect/InvocationTargetException
Event: 1.115 loading class java/lang/reflect/InvocationTargetException done
Event: 1.115 loading class java/net/URLClassLoader
Event: 1.115 loading class java/net/URLClassLoader done
Event: 1.119 loading class java/net/URL$2
Event: 1.119 loading class java/net/URL$2 done
Event: 1.119 loading class java/net/URL$1
Event: 1.119 loading class java/net/URL$1 done
Event: 1.119 loading class java/net/spi/URLStreamHandlerProvider
Event: 1.119 loading class java/net/spi/URLStreamHandlerProvider done
Event: 1.137 loading class java/net/URLDecoder
Event: 1.138 loading class java/net/URLDecoder done
Event: 1.138 loading class java/net/URLEncoder
Event: 1.138 loading class java/net/URLEncoder done
Event: 1.138 loading class java/util/BitSet


Dynamic libraries:
0x00007ff758af0000 - 0x00007ff758b00000 	C:\Program Files\Java\jdk-16.0.2\bin\java.exe
0x00007ffee9750000 - 0x00007ffee9945000 	C:\WINDOWS\SYSTEM32\ntdll.dll
0x00007ffee8050000 - 0x00007ffee810e000 	C:\WINDOWS\System32\KERNEL32.DLL
0x00007ffee6e70000 - 0x00007ffee7139000 	C:\WINDOWS\System32\KERNELBASE.dll
0x00007ffee74e0000 - 0x00007ffee75e0000 	C:\WINDOWS\System32\ucrtbase.dll
0x00007ffec0520000 - 0x00007ffec0538000 	C:\Program Files\Java\jdk-16.0.2\bin\jli.dll
0x00007ffee7840000 - 0x00007ffee78ec000 	C:\WINDOWS\System32\ADVAPI32.dll
0x00007ffee77a0000 - 0x00007ffee783e000 	C:\WINDOWS\System32\msvcrt.dll
0x00007ffee8ed0000 - 0x00007ffee8f6b000 	C:\WINDOWS\System32\sechost.dll
0x00007ffee84c0000 - 0x00007ffee85ea000 	C:\WINDOWS\System32\RPCRT4.dll
0x00007ffee8130000 - 0x00007ffee82d1000 	C:\WINDOWS\System32\USER32.dll
0x00007ffee7480000 - 0x00007ffee74a2000 	C:\WINDOWS\System32\win32u.dll
0x00007ffee8010000 - 0x00007ffee803b000 	C:\WINDOWS\System32\GDI32.dll
0x00007ffee7230000 - 0x00007ffee733b000 	C:\WINDOWS\System32\gdi32full.dll
0x00007ffee7190000 - 0x00007ffee722d000 	C:\WINDOWS\System32\msvcp_win.dll
0x00007ffecb550000 - 0x00007ffecb7ea000 	C:\WINDOWS\WinSxS\amd64_microsoft.windows.common-controls_6595b64144ccf1df_6.0.19041.1110_none_60b5254171f9507e\COMCTL32.dll
0x00007ffee08c0000 - 0x00007ffee08ca000 	C:\WINDOWS\SYSTEM32\VERSION.dll
0x00007ffec0aa0000 - 0x00007ffec0ab9000 	C:\Program Files\Java\jdk-16.0.2\bin\VCRUNTIME140.dll
0x00007ffee7e50000 - 0x00007ffee7e80000 	C:\WINDOWS\System32\IMM32.DLL
0x00007ffecf3e0000 - 0x00007ffecf3ec000 	C:\Program Files\Java\jdk-16.0.2\bin\vcruntime140_1.dll
0x00007ffea5ac0000 - 0x00007ffea5b51000 	C:\Program Files\Java\jdk-16.0.2\bin\msvcp140.dll
0x00007ffe9eaf0000 - 0x00007ffe9f69b000 	C:\Program Files\Java\jdk-16.0.2\bin\server\jvm.dll
0x00007ffee8040000 - 0x00007ffee8048000 	C:\WINDOWS\System32\PSAPI.DLL
0x00007ffed02c0000 - 0x00007ffed02c9000 	C:\WINDOWS\SYSTEM32\WSOCK32.dll
0x00007ffee82e0000 - 0x00007ffee834b000 	C:\WINDOWS\System32\WS2_32.dll
0x00007ffed3920000 - 0x00007ffed3947000 	C:\WINDOWS\SYSTEM32\WINMM.dll
0x00007ffee56d0000 - 0x00007ffee56e2000 	C:\WINDOWS\SYSTEM32\kernel.appcore.dll
0x00007ffec59e0000 - 0x00007ffec59ea000 	C:\Program Files\Java\jdk-16.0.2\bin\jimage.dll
0x00007ffee4af0000 - 0x00007ffee4cd4000 	C:\WINDOWS\SYSTEM32\DBGHELP.DLL
0x00007ffecce50000 - 0x00007ffecce7c000 	C:\WINDOWS\SYSTEM32\dbgcore.DLL
0x00007ffee7340000 - 0x00007ffee73c3000 	C:\WINDOWS\System32\bcryptPrimitives.dll
0x00007ffebdd10000 - 0x00007ffebdd35000 	C:\Program Files\Java\jdk-16.0.2\bin\java.dll
0x00007ffee8fd0000 - 0x00007ffee970f000 	C:\WINDOWS\System32\SHELL32.dll
0x00007ffee4f40000 - 0x00007ffee56d0000 	C:\WINDOWS\SYSTEM32\windows.storage.dll
0x00007ffee85f0000 - 0x00007ffee8945000 	C:\WINDOWS\System32\combase.dll
0x00007ffee68c0000 - 0x00007ffee68ec000 	C:\WINDOWS\SYSTEM32\Wldp.dll
0x00007ffee8360000 - 0x00007ffee840d000 	C:\WINDOWS\System32\SHCORE.dll
0x00007ffee78f0000 - 0x00007ffee7945000 	C:\WINDOWS\System32\shlwapi.dll
0x00007ffee6db0000 - 0x00007ffee6dcf000 	C:\WINDOWS\SYSTEM32\profapi.dll
0x00007ffec0380000 - 0x00007ffec0399000 	C:\Program Files\Java\jdk-16.0.2\bin\net.dll
0x00007ffede9c0000 - 0x00007ffedeac8000 	C:\WINDOWS\SYSTEM32\WINHTTP.dll
0x00007ffee64f0000 - 0x00007ffee655a000 	C:\WINDOWS\system32\mswsock.dll
0x00007ffebf190000 - 0x00007ffebf1a3000 	C:\Program Files\Java\jdk-16.0.2\bin\nio.dll
0x00007ffebe490000 - 0x00007ffebe4a8000 	C:\Program Files\Java\jdk-16.0.2\bin\zip.dll

dbghelp: loaded successfully - version: 4.0.5 - missing functions: none
symbol engine: initialized successfully - sym options: 0x614 - pdb path: .;C:\Program Files\Java\jdk-16.0.2\bin;C:\WINDOWS\SYSTEM32;C:\WINDOWS\WinSxS\amd64_microsoft.windows.common-controls_6595b64144ccf1df_6.0.19041.1110_none_60b5254171f9507e;C:\Program Files\Java\jdk-16.0.2\bin\server

VM Arguments:
jvm_args: --add-modules=ALL-SYSTEM --add-opens=java.base/java.util=ALL-UNNAMED --add-opens=java.base/java.lang=ALL-UNNAMED -Declipse.application=org.eclipse.jdt.ls.core.id1 -Dosgi.bundles.defaultStartLevel=4 -Declipse.product=org.eclipse.jdt.ls.core.product -Dfile.encoding=utf8 -DwatchParentProcess=false -XX:+UseParallelGC -XX:GCTimeRatio=4 -XX:AdaptiveSizePolicyWeight=90 -Dsun.zip.disableMemoryMapping=true -Xmx1G -Xms100m 
java_command: c:\Users\Rushabh\.vscode\extensions\redhat.java-0.82.0\server\plugins\org.eclipse.equinox.launcher_1.6.300.v20210813-1054.jar -configuration c:\Users\Rushabh\AppData\Roaming\Code\User\globalStorage\redhat.java\0.82.0\config_ss_win -data c:\Users\Rushabh\AppData\Roaming\Code\User\workspaceStorage\ea269da83b7130e453dabaf8bcc62321\redhat.java\ss_ws
java_class_path (initial): c:\Users\Rushabh\.vscode\extensions\redhat.java-0.82.0\server\plugins\org.eclipse.equinox.launcher_1.6.300.v20210813-1054.jar
Launcher Type: SUN_STANDARD

[Global flags]
    uintx AdaptiveSizePolicyWeight                 = 90                                        {product} {command line}
     intx CICompilerCount                          = 4                                         {product} {ergonomic}
    uintx GCTimeRatio                              = 4                                         {product} {command line}
   size_t InitialHeapSize                          = 104857600                                 {product} {command line}
   size_t MaxHeapSize                              = 1073741824                                {product} {command line}
   size_t MaxNewSize                               = 357564416                                 {product} {ergonomic}
   size_t MinHeapDeltaBytes                        = 524288                                    {product} {ergonomic}
   size_t MinHeapSize                              = 104857600                                 {product} {command line}
   size_t NewSize                                  = 34603008                                  {product} {ergonomic}
    uintx NonNMethodCodeHeapSize                   = 5839372                                {pd product} {ergonomic}
    uintx NonProfiledCodeHeapSize                  = 122909434                              {pd product} {ergonomic}
   size_t OldSize                                  = 70254592                                  {product} {ergonomic}
    uintx ProfiledCodeHeapSize                     = 122909434                              {pd product} {ergonomic}
    uintx ReservedCodeCacheSize                    = 251658240                              {pd product} {ergonomic}
     bool SegmentedCodeCache                       = true                                      {product} {ergonomic}
   size_t SoftMaxHeapSize                          = 1073741824                             {manageable} {ergonomic}
     bool UseCompressedClassPointers               = true                           {product lp64_product} {ergonomic}
     bool UseCompressedOops                        = true                           {product lp64_product} {ergonomic}
     bool UseLargePagesIndividualAllocation        = false                                  {pd product} {ergonomic}
     bool UseParallelGC                            = true                                      {product} {command line}

Logging:
Log output configuration:
 #0: stdout all=warning uptime,level,tags
 #1: stderr all=off uptime,level,tags

Environment Variables:
JAVA_HOME=C:\Program Files\Java\jdk-16.0.2
PATH=C:\Program Files\Common Files\Oracle\Java\javapath;C:\Program Files (x86)\Common Files\Oracle\Java\javapath;C:\Program Files (x86)\Intel\Intel(R) Management Engine Components\iCLS\;C:\Program Files\Intel\Intel(R) Management Engine Components\iCLS\;C:\Windows\system32;C:\Windows;C:\Windows\System32\Wbem;C:\Windows\System32\WindowsPowerShell\v1.0\;C:\Windows\System32\OpenSSH\;C:\Program Files (x86)\Intel\Intel(R) Management Engine Components\DAL;C:\Program Files\Intel\Intel(R) Management Engine Components\DAL;C:\Program Files (x86)\Intel\Intel(R) Management Engine Components\IPT;C:\Program Files\Intel\Intel(R) Management Engine Components\IPT;C:\Program Files (x86)\NVIDIA Corporation\PhysX\Common;C:\Program Files\Intel\WiFi\bin\;C:\Program Files\Common Files\Intel\WirelessCommon\;C:\WINDOWS\system32;C:\WINDOWS;C:\WINDOWS\System32\Wbem;C:\WINDOWS\System32\WindowsPowerShell\v1.0\;C:\WINDOWS\System32\OpenSSH\;C:\TDM-GCC-64\bin;C:\Program Files\PostgreSQL\12\bin;C:\Program Files\PostgreSQL\12\lib;C:\Users\Rushabh\AppData\Roaming\Microsoft\Windows\Start Menu\Programs\Python 3.8;C:\Program Files\Java\jdk-16.0.2\bin;C:\Program Files\Git\cmd;C:\Users\Rushabh\Anaconda3;C:\Users\Rushabh\Anaconda3\Library\mingw-w64\bin;C:\Users\Rushabh\Anaconda3\Library\usr\bin;C:\Users\Rushabh\Anaconda3\Library\bin;C:\Users\Rushabh\Anaconda3\Scripts;C:\Users\Rushabh\AppData\Local\Microsoft\WindowsApps;C:\Program Files\JetBrains\IntelliJ IDEA Community Edition 2021.1.1\bin;;C:\Users\Rushabh\AppData\Local\Programs\Microsoft VS Code\bin
USERNAME=Rushabh
OS=Windows_NT
PROCESSOR_IDENTIFIER=Intel64 Family 6 Model 142 Stepping 10, GenuineIntel



---------------  S Y S T E M  ---------------

OS:
 Windows 10 , 64 bit Build 19041 (10.0.19041.1202)
OS uptime: 0 days 1:42 hours
Hyper-V role detected

CPU: total 8 (initial active 8) (4 cores per cpu, 2 threads per core) family 6 model 142 stepping 10 microcode 0xb4, cx8, cmov, fxsr, ht, mmx, 3dnowpref, sse, sse2, sse3, ssse3, sse4.1, sse4.2, popcnt, lzcnt, tsc, tscinvbit, avx, avx2, aes, erms, clmul, bmi1, bmi2, adx, fma, vzeroupper, clflush, clflushopt, hv

Memory: 4k page, system-wide physical 8073M (357M free)
TotalPageFile size 11073M (AvailPageFile size 0M)
current process WorkingSet (physical memory assigned to process): 37M, peak: 37M
current process commit charge ("private bytes"): 193M, peak: 194M

vm_info: Java HotSpot(TM) 64-Bit Server VM (16.0.2+7-67) for windows-amd64 JRE (16.0.2+7-67), built on Jun  8 2021 23:24:19 by "mach5one" with MS VC++ 16.7 (VS2019)

END.
